[2025-10-30T06:19:44.799+0000] {taskinstance.py:1157} INFO - Dependencies all met for dep_context=non-requeueable deps ti=<TaskInstance: city_weather_pipeline.load_cities manual__2025-10-30T06:19:15.941004+00:00 [queued]>
[2025-10-30T06:19:44.846+0000] {taskinstance.py:1157} INFO - Dependencies all met for dep_context=requeueable deps ti=<TaskInstance: city_weather_pipeline.load_cities manual__2025-10-30T06:19:15.941004+00:00 [queued]>
[2025-10-30T06:19:44.847+0000] {taskinstance.py:1359} INFO - Starting attempt 1 of 2
[2025-10-30T06:19:44.902+0000] {taskinstance.py:1380} INFO - Executing <Task(PythonOperator): load_cities> on 2025-10-30 06:19:15.941004+00:00
[2025-10-30T06:19:44.942+0000] {standard_task_runner.py:57} INFO - Started process 50 to run task
[2025-10-30T06:19:44.988+0000] {standard_task_runner.py:84} INFO - Running: ['***', 'tasks', 'run', 'city_weather_pipeline', 'load_cities', 'manual__2025-10-30T06:19:15.941004+00:00', '--job-id', '2', '--raw', '--subdir', 'DAGS_FOLDER/data_pipeline_dag.py', '--cfg-path', '/tmp/tmpuqapv5tn']
[2025-10-30T06:19:45.016+0000] {standard_task_runner.py:85} INFO - Job 2: Subtask load_cities
[2025-10-30T06:19:45.526+0000] {logging_mixin.py:151} WARNING - /home/***/.local/lib/python3.8/site-packages/***/settings.py:195 DeprecationWarning: The sql_alchemy_conn option in [core] has been moved to the sql_alchemy_conn option in [database] - the old setting has been used, but please update your config.
[2025-10-30T06:19:46.908+0000] {task_command.py:415} INFO - Running <TaskInstance: city_weather_pipeline.load_cities manual__2025-10-30T06:19:15.941004+00:00 [running]> on host a649f631f3ac
[2025-10-30T06:19:48.558+0000] {taskinstance.py:1660} INFO - Exporting env vars: AIRFLOW_CTX_DAG_EMAIL='kathibrahmateja@gmail.com' AIRFLOW_CTX_DAG_OWNER='***' AIRFLOW_CTX_DAG_ID='city_weather_pipeline' AIRFLOW_CTX_TASK_ID='load_cities' AIRFLOW_CTX_EXECUTION_DATE='2025-10-30T06:19:15.941004+00:00' AIRFLOW_CTX_TRY_NUMBER='1' AIRFLOW_CTX_DAG_RUN_ID='manual__2025-10-30T06:19:15.941004+00:00'
[2025-10-30T06:19:48.617+0000] {data_pipeline_dag.py:40} ERROR - Error loading cities data: [Errno 2] No such file or directory: 'cities.csv'
[2025-10-30T06:19:48.625+0000] {taskinstance.py:1935} ERROR - Task failed with exception
Traceback (most recent call last):
  File "/home/airflow/.local/lib/python3.8/site-packages/airflow/operators/python.py", line 192, in execute
    return_value = self.execute_callable()
  File "/home/airflow/.local/lib/python3.8/site-packages/airflow/operators/python.py", line 209, in execute_callable
    return self.python_callable(*self.op_args, **self.op_kwargs)
  File "/opt/airflow/dags/data_pipeline_dag.py", line 34, in load_cities_data
    df = pd.read_csv(CITIES_FILE)
  File "/home/airflow/.local/lib/python3.8/site-packages/pandas/io/parsers/readers.py", line 912, in read_csv
    return _read(filepath_or_buffer, kwds)
  File "/home/airflow/.local/lib/python3.8/site-packages/pandas/io/parsers/readers.py", line 577, in _read
    parser = TextFileReader(filepath_or_buffer, **kwds)
  File "/home/airflow/.local/lib/python3.8/site-packages/pandas/io/parsers/readers.py", line 1407, in __init__
    self._engine = self._make_engine(f, self.engine)
  File "/home/airflow/.local/lib/python3.8/site-packages/pandas/io/parsers/readers.py", line 1661, in _make_engine
    self.handles = get_handle(
  File "/home/airflow/.local/lib/python3.8/site-packages/pandas/io/common.py", line 859, in get_handle
    handle = open(
FileNotFoundError: [Errno 2] No such file or directory: 'cities.csv'
[2025-10-30T06:19:48.760+0000] {taskinstance.py:1398} INFO - Marking task as UP_FOR_RETRY. dag_id=city_weather_pipeline, task_id=load_cities, execution_date=20251030T061915, start_date=20251030T061944, end_date=20251030T061948
[2025-10-30T06:19:49.314+0000] {standard_task_runner.py:104} ERROR - Failed to execute job 2 for task load_cities ([Errno 2] No such file or directory: 'cities.csv'; 50)
[2025-10-30T06:19:49.379+0000] {local_task_job_runner.py:228} INFO - Task exited with return code 1
[2025-10-30T06:19:49.480+0000] {taskinstance.py:2776} INFO - 0 downstream tasks scheduled from follow-on schedule check
